Case #1: 15 25
Case #2: 0 0
Case #3: 81 567
Case #4: 181 244
Case #5: 0 0
Case #6: 500 500
Case #7: 100 900
Case #8: 66 157
Case #9: 90 223
Case #10: 105 288
Case #11: 86 317
Case #12: 96 286
Case #13: 134 407
Case #14: 136 355
Case #15: 133 354
Case #16: 200 529
Case #17: 159 349
Case #18: 225 537
Case #19: 179 367
Case #20: 132 438
Case #21: 151 340
Case #22: 193 384
Case #23: 260 448
Case #24: 79 181
Case #25: 102 394
Case #26: 119 304
Case #27: 187 414
Case #28: 147 462
Case #29: 151 380
Case #30: 140 435
Case #31: 101 352
Case #32: 215 288
Case #33: 203 375
Case #34: 72 277
Case #35: 157 525
Case #36: 105 440
Case #37: 165 236
Case #38: 198 407
Case #39: 205 373
Case #40: 118 366
Case #41: 153 404
Case #42: 140 322
Case #43: 117 500
Case #44: 217 394
Case #45: 220 403
Case #46: 122 322
Case #47: 115 262
Case #48: 109 341
Case #49: 182 422
Case #50: 132 333
Case #51: 116 303
Case #52: 91 279
Case #53: 213 410
Case #54: 83 295
Case #55: 110 320
Case #56: 120 341
Case #57: 137 490
Case #58: 129 306
Case #59: 139 383
Case #60: 175 335
Case #61: 119 390
Case #62: 107 302
Case #63: 185 416
Case #64: 225 447
Case #65: 91 281
Case #66: 123 395
Case #67: 140 369
Case #68: 101 367
Case #69: 143 360
Case #70: 141 320
Case #71: 204 292
Case #72: 164 601
Case #73: 74 315
Case #74: 254 430
Case #75: 108 365
Case #76: 116 254
Case #77: 71 353
Case #78: 111 292
Case #79: 179 334
Case #80: 217 389
Case #81: 225 457
Case #82: 136 313
Case #83: 199 461
Case #84: 211 479
Case #85: 94 337
Case #86: 139 402
Case #87: 127 211
Case #88: 194 394
Case #89: 182 517
Case #90: 187 295
Case #91: 114 341
Case #92: 102 379
Case #93: 228 389
Case #94: 70 203
Case #95: 216 420
Case #96: 205 439
Case #97: 133 307
Case #98: 155 527
Case #99: 247 340
Case #100: 101 328
